Using pre-set license
Built from '2020.2/staging' branch; Version is '2020.2.7f1 (c53830e277f1) revision 12924976'; Using compiler version '192528614'; Build Type 'Release'
OS: 'Windows 10 Education; OS build 19042.1348; Version 2009; 64bit' Language: 'ja' Physical Memory: 16314 MB
BatchMode: 1, IsHumanControllingUs: 0, StartBugReporterOnCrash: 0, Is64bit: 1, IsPro: 0

 COMMAND LINE ARGUMENTS:
D:\Unity\2020.2.7f1\Editor\Unity.exe
-adb2
-batchMode
-noUpm
-name
AssetImportWorker0
-projectPath
F:/IT_work/Unity/NonFieldRPGForUdemy
-logFile
Logs/AssetImportWorker0.log
-srvPort
51851
Successfully changed project path to: F:/IT_work/Unity/NonFieldRPGForUdemy
F:/IT_work/Unity/NonFieldRPGForUdemy
Using Asset Import Pipeline V2.
Refreshing native plugins compatible for Editor in 29.19 ms, found 1 plugins.
Preloading 0 native plugins for Editor in 0.00 ms.
Initialize engine version: 2020.2.7f1 (c53830e277f1)
[Subsystems] Discovering subsystems at path D:/Unity/2020.2.7f1/Editor/Data/Resources/UnitySubsystems
[Subsystems] Discovering subsystems at path F:/IT_work/Unity/NonFieldRPGForUdemy/Assets
GfxDevice: creating device client; threaded=0
Direct3D:
    Version:  Direct3D 11.0 [level 11.1]
    Renderer: NVIDIA GeForce GTX 1060 6GB (ID=0x1c03)
    Vendor:   
    VRAM:     6052 MB
    Driver:   27.21.14.5671
Initialize mono
Mono path[0] = 'D:/Unity/2020.2.7f1/Editor/Data/Managed'
Mono path[1] = 'D:/Unity/2020.2.7f1/Editor/Data/MonoBleedingEdge/lib/mono/unityjit'
Mono config path = 'D:/Unity/2020.2.7f1/Editor/Data/MonoBleedingEdge/etc'
Using monoOptions --debugger-agent=transport=dt_socket,embedding=1,server=y,suspend=n,address=127.0.0.1:56520
Begin MonoManager ReloadAssembly
Registering precompiled unity dll's ...
Register platform support module: D:/Unity/2020.2.7f1/Editor/Data/PlaybackEngines/MacStandaloneSupport/UnityEditor.OSXStandalone.Extensions.dll
Register platform support module: D:/Unity/2020.2.7f1/Editor/Data/PlaybackEngines/WindowsStandaloneSupport/UnityEditor.WindowsStandalone.Extensions.dll
Registered in 0.001210 seconds.
Native extension for WindowsStandalone target not found
Native extension for OSXStandalone target not found
Refreshing native plugins compatible for Editor in 31.59 ms, found 1 plugins.
Preloading 0 native plugins for Editor in 0.00 ms.
Invoked RoslynAnalysisRunner static constructor.
RoslynAnalysisRunner will not be running.
RoslynAnalysisRunner has terminated.
Mono: successfully reloaded assembly
- Completed reload, in  2.324 seconds
Platform modules already initialized, skipping
Registering precompiled user dll's ...
Registered in 0.000707 seconds.
Begin MonoManager ReloadAssembly
Native extension for WindowsStandalone target not found
Native extension for OSXStandalone target not found
Refreshing native plugins compatible for Editor in 29.28 ms, found 1 plugins.
Preloading 0 native plugins for Editor in 0.00 ms.
Invoked RoslynAnalysisRunner static constructor.
RoslynAnalysisRunner will not be running.
RoslynAnalysisRunner has terminated.
Mono: successfully reloaded assembly
- Completed reload, in  0.817 seconds
Platform modules already initialized, skipping
========================================================================
Worker process is ready to serve import requests
Launched and connected shader compiler UnityShaderCompiler.exe after 0.06 seconds
Refreshing native plugins compatible for Editor in 0.30 ms, found 1 plugins.
Preloading 0 native plugins for Editor in 0.00 ms.
Unloading 1810 Unused Serialized files (Serialized files now loaded: 0)
System memory in use before: 87.4 MB.
System memory in use after: 87.4 MB.

Unloading 24 unused Assets to reduce memory usage. Loaded Objects now: 2252.
Total: 1.978100 ms (FindLiveObjects: 0.235600 ms CreateObjectMapping: 0.101400 ms MarkObjects: 1.524800 ms  DeleteObjects: 0.115300 ms)

========================================================================
Received Import Request.
  path: Assets/Scripts/StageUIManager.cs
  artifactKey: Guid(af8c0331f0c720a489b3b7769c12c281) Importer(815301076,1909f56bfc062723c751e8b465ee728b)
Start importing Assets/Scripts/StageUIManager.cs using Guid(af8c0331f0c720a489b3b7769c12c281) Importer(815301076,1909f56bfc062723c751e8b465ee728b)  -> (artifact id: '00d59d6b5ae8a03221abc244ad178887') in 0.032088 seconds
  Import took 0.034694 seconds .

========================================================================
Received Prepare
Registering precompiled user dll's ...
Registered in 0.000734 seconds.
Begin MonoManager ReloadAssembly
Native extension for WindowsStandalone target not found
Native extension for OSXStandalone target not found
Refreshing native plugins compatible for Editor in 0.32 ms, found 1 plugins.
Preloading 0 native plugins for Editor in 0.00 ms.
Invoked RoslynAnalysisRunner static constructor.
RoslynAnalysisRunner will not be running.
RoslynAnalysisRunner has terminated.
Mono: successfully reloaded assembly
- Completed reload, in  0.746 seconds
Platform modules already initialized, skipping
Switching build target platform(5) subTarget(0) extendedPlatform(0) -> platform(13) subTarget(537395200) extendedPlatform(0)
Refreshing native plugins compatible for Editor in 0.30 ms, found 1 plugins.
Preloading 0 native plugins for Editor in 0.00 ms.
Unloading 1808 Unused Serialized files (Serialized files now loaded: 0)
System memory in use before: 87.4 MB.
System memory in use after: 87.4 MB.

Unloading 12 unused Assets to reduce memory usage. Loaded Objects now: 2256.
Total: 2.017500 ms (FindLiveObjects: 0.182000 ms CreateObjectMapping: 0.059100 ms MarkObjects: 1.686800 ms  DeleteObjects: 0.088600 ms)

AssetImportParameters requested are different than current active one (requested -> active):
  custom:graphics/normal-map-encoding: 01000000000000000000000000000000 -> 02000000000000000000000000000000
========================================================================
Received Prepare
Registering precompiled user dll's ...
Registered in 0.000580 seconds.
Begin MonoManager ReloadAssembly
Native extension for WindowsStandalone target not found
Native extension for OSXStandalone target not found
Refreshing native plugins compatible for Editor in 0.34 ms, found 1 plugins.
Preloading 0 native plugins for Editor in 0.00 ms.
Invoked RoslynAnalysisRunner static constructor.
RoslynAnalysisRunner will not be running.
RoslynAnalysisRunner has terminated.
Mono: successfully reloaded assembly
- Completed reload, in  0.724 seconds
Platform modules already initialized, skipping
Switching build target platform(5) subTarget(0) extendedPlatform(0) -> platform(13) subTarget(537395200) extendedPlatform(0)
Refreshing native plugins compatible for Editor in 0.29 ms, found 1 plugins.
Preloading 0 native plugins for Editor in 0.00 ms.
Unloading 1808 Unused Serialized files (Serialized files now loaded: 0)
System memory in use before: 87.4 MB.
System memory in use after: 87.4 MB.

Unloading 12 unused Assets to reduce memory usage. Loaded Objects now: 2260.
Total: 1.589900 ms (FindLiveObjects: 0.158600 ms CreateObjectMapping: 0.045900 ms MarkObjects: 1.304900 ms  DeleteObjects: 0.079900 ms)

AssetImportParameters requested are different than current active one (requested -> active):
  custom:graphics/normal-map-encoding: 01000000000000000000000000000000 -> 02000000000000000000000000000000
========================================================================
Received Prepare
Registering precompiled user dll's ...
Registered in 0.000634 seconds.
Begin MonoManager ReloadAssembly
Native extension for WindowsStandalone target not found
Native extension for OSXStandalone target not found
Refreshing native plugins compatible for Editor in 0.31 ms, found 1 plugins.
Preloading 0 native plugins for Editor in 0.00 ms.
Invoked RoslynAnalysisRunner static constructor.
RoslynAnalysisRunner will not be running.
RoslynAnalysisRunner has terminated.
Mono: successfully reloaded assembly
- Completed reload, in  0.719 seconds
Platform modules already initialized, skipping
Switching build target platform(5) subTarget(0) extendedPlatform(0) -> platform(13) subTarget(537395200) extendedPlatform(0)
Refreshing native plugins compatible for Editor in 0.29 ms, found 1 plugins.
Preloading 0 native plugins for Editor in 0.00 ms.
Unloading 1808 Unused Serialized files (Serialized files now loaded: 0)
System memory in use before: 87.4 MB.
System memory in use after: 87.4 MB.

Unloading 12 unused Assets to reduce memory usage. Loaded Objects now: 2264.
Total: 1.611800 ms (FindLiveObjects: 0.162600 ms CreateObjectMapping: 0.050900 ms MarkObjects: 1.319200 ms  DeleteObjects: 0.078200 ms)

AssetImportParameters requested are different than current active one (requested -> active):
  custom:graphics/normal-map-encoding: 01000000000000000000000000000000 -> 02000000000000000000000000000000
========================================================================
Received Prepare
Registering precompiled user dll's ...
Registered in 0.000621 seconds.
Begin MonoManager ReloadAssembly
Native extension for WindowsStandalone target not found
Native extension for OSXStandalone target not found
Refreshing native plugins compatible for Editor in 0.31 ms, found 1 plugins.
Preloading 0 native plugins for Editor in 0.00 ms.
Invoked RoslynAnalysisRunner static constructor.
RoslynAnalysisRunner will not be running.
RoslynAnalysisRunner has terminated.
Mono: successfully reloaded assembly
- Completed reload, in  0.751 seconds
Platform modules already initialized, skipping
Switching build target platform(5) subTarget(0) extendedPlatform(0) -> platform(13) subTarget(537395200) extendedPlatform(0)
Refreshing native plugins compatible for Editor in 0.31 ms, found 1 plugins.
Preloading 0 native plugins for Editor in 0.00 ms.
Unloading 1808 Unused Serialized files (Serialized files now loaded: 0)
System memory in use before: 87.5 MB.
System memory in use after: 87.5 MB.

Unloading 12 unused Assets to reduce memory usage. Loaded Objects now: 2268.
Total: 1.791200 ms (FindLiveObjects: 0.180800 ms CreateObjectMapping: 0.065500 ms MarkObjects: 1.455600 ms  DeleteObjects: 0.088400 ms)

AssetImportParameters requested are different than current active one (requested -> active):
  custom:graphics/normal-map-encoding: 01000000000000000000000000000000 -> 02000000000000000000000000000000
========================================================================
Received Import Request.
  Time since last request: 516.428162 seconds.
  path: Assets/Scripts/PlayerUIManager.cs
  artifactKey: Guid(c2c111d48a942ba47b4b7932bf540031) Importer(815301076,1909f56bfc062723c751e8b465ee728b)
Start importing Assets/Scripts/PlayerUIManager.cs using Guid(c2c111d48a942ba47b4b7932bf540031) Importer(815301076,1909f56bfc062723c751e8b465ee728b)  -> (artifact id: '962561615a1fdbe488b48baa1a917c29') in 0.003347 seconds
  Import took 0.005947 seconds .

========================================================================
Received Prepare
Registering precompiled user dll's ...
Registered in 0.000642 seconds.
Begin MonoManager ReloadAssembly
Native extension for WindowsStandalone target not found
Native extension for OSXStandalone target not found
Refreshing native plugins compatible for Editor in 0.32 ms, found 1 plugins.
Preloading 0 native plugins for Editor in 0.00 ms.
Invoked RoslynAnalysisRunner static constructor.
RoslynAnalysisRunner will not be running.
RoslynAnalysisRunner has terminated.
Mono: successfully reloaded assembly
- Completed reload, in  0.840 seconds
Platform modules already initialized, skipping
Switching build target platform(5) subTarget(0) extendedPlatform(0) -> platform(13) subTarget(537395200) extendedPlatform(0)
Refreshing native plugins compatible for Editor in 0.30 ms, found 1 plugins.
Preloading 0 native plugins for Editor in 0.00 ms.
Unloading 1809 Unused Serialized files (Serialized files now loaded: 0)
System memory in use before: 87.5 MB.
System memory in use after: 87.5 MB.

Unloading 12 unused Assets to reduce memory usage. Loaded Objects now: 2273.
Total: 2.049300 ms (FindLiveObjects: 0.298400 ms CreateObjectMapping: 0.101600 ms MarkObjects: 1.562100 ms  DeleteObjects: 0.086300 ms)

AssetImportParameters requested are different than current active one (requested -> active):
  custom:graphics/normal-map-encoding: 01000000000000000000000000000000 -> 02000000000000000000000000000000
========================================================================
Received Import Request.
  Time since last request: 24.967024 seconds.
  path: Assets/Scripts/EnemyUIManager.cs
  artifactKey: Guid(e0fb7917262632f4687389748bb83333) Importer(815301076,1909f56bfc062723c751e8b465ee728b)
Start importing Assets/Scripts/EnemyUIManager.cs using Guid(e0fb7917262632f4687389748bb83333) Importer(815301076,1909f56bfc062723c751e8b465ee728b)  -> (artifact id: '35d9b74caa51924979d87901ca768c5c') in 0.004070 seconds
  Import took 0.006964 seconds .

========================================================================
Received Prepare
Registering precompiled user dll's ...
Registered in 0.000661 seconds.
Begin MonoManager ReloadAssembly
Native extension for WindowsStandalone target not found
Native extension for OSXStandalone target not found
Refreshing native plugins compatible for Editor in 0.31 ms, found 1 plugins.
Preloading 0 native plugins for Editor in 0.00 ms.
Invoked RoslynAnalysisRunner static constructor.
RoslynAnalysisRunner will not be running.
RoslynAnalysisRunner has terminated.
Mono: successfully reloaded assembly
- Completed reload, in  0.802 seconds
Platform modules already initialized, skipping
Switching build target platform(5) subTarget(0) extendedPlatform(0) -> platform(13) subTarget(537395200) extendedPlatform(0)
Refreshing native plugins compatible for Editor in 0.31 ms, found 1 plugins.
Preloading 0 native plugins for Editor in 0.00 ms.
Unloading 1810 Unused Serialized files (Serialized files now loaded: 0)
System memory in use before: 87.5 MB.
System memory in use after: 87.5 MB.

Unloading 12 unused Assets to reduce memory usage. Loaded Objects now: 2278.
Total: 1.957800 ms (FindLiveObjects: 0.156100 ms CreateObjectMapping: 0.056700 ms MarkObjects: 1.652700 ms  DeleteObjects: 0.091500 ms)

AssetImportParameters requested are different than current active one (requested -> active):
  custom:graphics/normal-map-encoding: 01000000000000000000000000000000 -> 02000000000000000000000000000000
========================================================================
Received Prepare
Registering precompiled user dll's ...
Registered in 0.000609 seconds.
Begin MonoManager ReloadAssembly
Native extension for WindowsStandalone target not found
Native extension for OSXStandalone target not found
Refreshing native plugins compatible for Editor in 0.31 ms, found 1 plugins.
Preloading 0 native plugins for Editor in 0.00 ms.
Invoked RoslynAnalysisRunner static constructor.
RoslynAnalysisRunner will not be running.
RoslynAnalysisRunner has terminated.
Mono: successfully reloaded assembly
- Completed reload, in  0.752 seconds
Platform modules already initialized, skipping
Switching build target platform(5) subTarget(0) extendedPlatform(0) -> platform(13) subTarget(537395200) extendedPlatform(0)
Refreshing native plugins compatible for Editor in 0.30 ms, found 1 plugins.
Preloading 0 native plugins for Editor in 0.00 ms.
Unloading 1810 Unused Serialized files (Serialized files now loaded: 0)
System memory in use before: 87.5 MB.
System memory in use after: 87.5 MB.

Unloading 12 unused Assets to reduce memory usage. Loaded Objects now: 2282.
Total: 2.056600 ms (FindLiveObjects: 0.176500 ms CreateObjectMapping: 0.063900 ms MarkObjects: 1.707200 ms  DeleteObjects: 0.108000 ms)

AssetImportParameters requested are different than current active one (requested -> active):
  custom:graphics/normal-map-encoding: 01000000000000000000000000000000 -> 02000000000000000000000000000000
========================================================================
Received Import Request.
  Time since last request: 87.448907 seconds.
  path: Assets/Scripts/EnemyUIManager.cs
  artifactKey: Guid(e0fb7917262632f4687389748bb83333) Importer(815301076,1909f56bfc062723c751e8b465ee728b)
Start importing Assets/Scripts/EnemyUIManager.cs using Guid(e0fb7917262632f4687389748bb83333) Importer(815301076,1909f56bfc062723c751e8b465ee728b)  -> (artifact id: '9da6aad977788cdefb6f8ceeb4018a1c') in 0.003025 seconds
  Import took 0.005378 seconds .

========================================================================
Received Prepare
Registering precompiled user dll's ...
Registered in 0.000624 seconds.
Begin MonoManager ReloadAssembly
Native extension for WindowsStandalone target not found
Native extension for OSXStandalone target not found
Refreshing native plugins compatible for Editor in 0.31 ms, found 1 plugins.
Preloading 0 native plugins for Editor in 0.00 ms.
Invoked RoslynAnalysisRunner static constructor.
RoslynAnalysisRunner will not be running.
RoslynAnalysisRunner has terminated.
Mono: successfully reloaded assembly
- Completed reload, in  0.759 seconds
Platform modules already initialized, skipping
Switching build target platform(5) subTarget(0) extendedPlatform(0) -> platform(13) subTarget(537395200) extendedPlatform(0)
Refreshing native plugins compatible for Editor in 0.30 ms, found 1 plugins.
Preloading 0 native plugins for Editor in 0.00 ms.
Unloading 1810 Unused Serialized files (Serialized files now loaded: 0)
System memory in use before: 87.5 MB.
System memory in use after: 87.5 MB.

Unloading 12 unused Assets to reduce memory usage. Loaded Objects now: 2286.
Total: 1.995900 ms (FindLiveObjects: 0.149900 ms CreateObjectMapping: 0.052000 ms MarkObjects: 1.702900 ms  DeleteObjects: 0.090400 ms)

AssetImportParameters requested are different than current active one (requested -> active):
  custom:graphics/normal-map-encoding: 01000000000000000000000000000000 -> 02000000000000000000000000000000
========================================================================
Received Import Request.
  Time since last request: 82.513537 seconds.
  path: Assets/Scripts/BattleManager.cs
  artifactKey: Guid(c4995a5a7cad0b148a042c7eb2bba2de) Importer(815301076,1909f56bfc062723c751e8b465ee728b)
Start importing Assets/Scripts/BattleManager.cs using Guid(c4995a5a7cad0b148a042c7eb2bba2de) Importer(815301076,1909f56bfc062723c751e8b465ee728b)  -> (artifact id: '644d979334c1a8242113c727a390b5dc') in 0.003157 seconds
  Import took 0.005808 seconds .

========================================================================
Received Prepare
Registering precompiled user dll's ...
Registered in 0.000634 seconds.
Begin MonoManager ReloadAssembly
Native extension for WindowsStandalone target not found
Native extension for OSXStandalone target not found
Refreshing native plugins compatible for Editor in 0.32 ms, found 1 plugins.
Preloading 0 native plugins for Editor in 0.00 ms.
Invoked RoslynAnalysisRunner static constructor.
RoslynAnalysisRunner will not be running.
RoslynAnalysisRunner has terminated.
Mono: successfully reloaded assembly
- Completed reload, in  0.782 seconds
Platform modules already initialized, skipping
Switching build target platform(5) subTarget(0) extendedPlatform(0) -> platform(13) subTarget(537395200) extendedPlatform(0)
Refreshing native plugins compatible for Editor in 0.30 ms, found 1 plugins.
Preloading 0 native plugins for Editor in 0.00 ms.
Unloading 1811 Unused Serialized files (Serialized files now loaded: 0)
System memory in use before: 87.6 MB.
System memory in use after: 87.5 MB.

Unloading 12 unused Assets to reduce memory usage. Loaded Objects now: 2291.
Total: 1.869900 ms (FindLiveObjects: 0.174500 ms CreateObjectMapping: 0.104900 ms MarkObjects: 1.496900 ms  DeleteObjects: 0.092800 ms)

AssetImportParameters requested are different than current active one (requested -> active):
  custom:graphics/normal-map-encoding: 01000000000000000000000000000000 -> 02000000000000000000000000000000
========================================================================
Received Import Request.
  Time since last request: 39.338542 seconds.
  path: Assets/Scripts/PlayerManager.cs
  artifactKey: Guid(34d9db7b81b3a5d48993435945d43f6c) Importer(815301076,1909f56bfc062723c751e8b465ee728b)
Start importing Assets/Scripts/PlayerManager.cs using Guid(34d9db7b81b3a5d48993435945d43f6c) Importer(815301076,1909f56bfc062723c751e8b465ee728b)  -> (artifact id: '50c92d554516189e30dc70b915621370') in 0.003980 seconds
  Import took 0.006888 seconds .

========================================================================
Received Prepare
Registering precompiled user dll's ...
Registered in 0.000632 seconds.
Begin MonoManager ReloadAssembly
Native extension for WindowsStandalone target not found
Native extension for OSXStandalone target not found
Refreshing native plugins compatible for Editor in 0.32 ms, found 1 plugins.
Preloading 0 native plugins for Editor in 0.00 ms.
Invoked RoslynAnalysisRunner static constructor.
RoslynAnalysisRunner will not be running.
RoslynAnalysisRunner has terminated.
Mono: successfully reloaded assembly
- Completed reload, in  0.767 seconds
Platform modules already initialized, skipping
Switching build target platform(5) subTarget(0) extendedPlatform(0) -> platform(13) subTarget(537395200) extendedPlatform(0)
Refreshing native plugins compatible for Editor in 0.30 ms, found 1 plugins.
Preloading 0 native plugins for Editor in 0.00 ms.
Unloading 1812 Unused Serialized files (Serialized files now loaded: 0)
System memory in use before: 87.6 MB.
System memory in use after: 87.6 MB.

Unloading 12 unused Assets to reduce memory usage. Loaded Objects now: 2296.
Total: 1.862300 ms (FindLiveObjects: 0.171700 ms CreateObjectMapping: 0.063300 ms MarkObjects: 1.533800 ms  DeleteObjects: 0.092700 ms)

AssetImportParameters requested are different than current active one (requested -> active):
  custom:graphics/normal-map-encoding: 01000000000000000000000000000000 -> 02000000000000000000000000000000
========================================================================
Received Prepare
Registering precompiled user dll's ...
Registered in 0.000723 seconds.
Begin MonoManager ReloadAssembly
Native extension for WindowsStandalone target not found
Native extension for OSXStandalone target not found
Refreshing native plugins compatible for Editor in 0.31 ms, found 1 plugins.
Preloading 0 native plugins for Editor in 0.00 ms.
Invoked RoslynAnalysisRunner static constructor.
RoslynAnalysisRunner will not be running.
RoslynAnalysisRunner has terminated.
Mono: successfully reloaded assembly
- Completed reload, in  0.756 seconds
Platform modules already initialized, skipping
Switching build target platform(5) subTarget(0) extendedPlatform(0) -> platform(13) subTarget(537395200) extendedPlatform(0)
Refreshing native plugins compatible for Editor in 0.31 ms, found 1 plugins.
Preloading 0 native plugins for Editor in 0.00 ms.
Unloading 1812 Unused Serialized files (Serialized files now loaded: 0)
System memory in use before: 87.6 MB.
System memory in use after: 87.6 MB.

Unloading 12 unused Assets to reduce memory usage. Loaded Objects now: 2300.
Total: 2.049700 ms (FindLiveObjects: 0.181400 ms CreateObjectMapping: 0.061700 ms MarkObjects: 1.712600 ms  DeleteObjects: 0.093100 ms)

AssetImportParameters requested are different than current active one (requested -> active):
  custom:graphics/normal-map-encoding: 01000000000000000000000000000000 -> 02000000000000000000000000000000
========================================================================
Received Import Request.
  Time since last request: 36.887367 seconds.
  path: Assets/Scripts/NewBehaviourScript.cs
  artifactKey: Guid(d1b6a3d4defd0b74ea1c2bcee8d072c7) Importer(815301076,1909f56bfc062723c751e8b465ee728b)
Start importing Assets/Scripts/NewBehaviourScript.cs using Guid(d1b6a3d4defd0b74ea1c2bcee8d072c7) Importer(815301076,1909f56bfc062723c751e8b465ee728b)  -> (artifact id: '0ccef0c61886f93b3adab54b3b14a88c') in 0.003027 seconds
  Import took 0.005412 seconds .

========================================================================
Received Prepare
Registering precompiled user dll's ...
Registered in 0.000750 seconds.
Begin MonoManager ReloadAssembly
Native extension for WindowsStandalone target not found
Native extension for OSXStandalone target not found
Refreshing native plugins compatible for Editor in 0.31 ms, found 1 plugins.
Preloading 0 native plugins for Editor in 0.00 ms.
Invoked RoslynAnalysisRunner static constructor.
RoslynAnalysisRunner will not be running.
RoslynAnalysisRunner has terminated.
Mono: successfully reloaded assembly
- Completed reload, in  0.781 seconds
Platform modules already initialized, skipping
Switching build target platform(5) subTarget(0) extendedPlatform(0) -> platform(13) subTarget(537395200) extendedPlatform(0)
Refreshing native plugins compatible for Editor in 0.30 ms, found 1 plugins.
Preloading 0 native plugins for Editor in 0.00 ms.
Unloading 1812 Unused Serialized files (Serialized files now loaded: 0)
System memory in use before: 87.6 MB.
System memory in use after: 87.6 MB.

Unloading 12 unused Assets to reduce memory usage. Loaded Objects now: 2304.
Total: 2.025100 ms (FindLiveObjects: 0.181100 ms CreateObjectMapping: 0.068200 ms MarkObjects: 1.680500 ms  DeleteObjects: 0.094500 ms)

AssetImportParameters requested are different than current active one (requested -> active):
  custom:graphics/normal-map-encoding: 01000000000000000000000000000000 -> 02000000000000000000000000000000
========================================================================
Received Prepare
Registering precompiled user dll's ...
Registered in 0.000610 seconds.
Begin MonoManager ReloadAssembly
Native extension for WindowsStandalone target not found
Native extension for OSXStandalone target not found
Refreshing native plugins compatible for Editor in 0.31 ms, found 1 plugins.
Preloading 0 native plugins for Editor in 0.00 ms.
Invoked RoslynAnalysisRunner static constructor.
RoslynAnalysisRunner will not be running.
RoslynAnalysisRunner has terminated.
Mono: successfully reloaded assembly
- Completed reload, in  0.779 seconds
Platform modules already initialized, skipping
Switching build target platform(5) subTarget(0) extendedPlatform(0) -> platform(13) subTarget(537395200) extendedPlatform(0)
Refreshing native plugins compatible for Editor in 0.33 ms, found 1 plugins.
Preloading 0 native plugins for Editor in 0.00 ms.
Unloading 1812 Unused Serialized files (Serialized files now loaded: 0)
System memory in use before: 87.6 MB.
System memory in use after: 87.6 MB.

Unloading 12 unused Assets to reduce memory usage. Loaded Objects now: 2308.
Total: 2.051400 ms (FindLiveObjects: 0.224500 ms CreateObjectMapping: 0.079600 ms MarkObjects: 1.640600 ms  DeleteObjects: 0.105900 ms)

AssetImportParameters requested are different than current active one (requested -> active):
  custom:graphics/normal-map-encoding: 01000000000000000000000000000000 -> 02000000000000000000000000000000
========================================================================
Received Prepare
Registering precompiled user dll's ...
Registered in 0.000619 seconds.
Begin MonoManager ReloadAssembly
Native extension for WindowsStandalone target not found
Native extension for OSXStandalone target not found
Refreshing native plugins compatible for Editor in 0.31 ms, found 1 plugins.
Preloading 0 native plugins for Editor in 0.00 ms.
Invoked RoslynAnalysisRunner static constructor.
RoslynAnalysisRunner will not be running.
RoslynAnalysisRunner has terminated.
Mono: successfully reloaded assembly
- Completed reload, in  0.755 seconds
Platform modules already initialized, skipping
Switching build target platform(5) subTarget(0) extendedPlatform(0) -> platform(13) subTarget(537395200) extendedPlatform(0)
Refreshing native plugins compatible for Editor in 0.30 ms, found 1 plugins.
Preloading 0 native plugins for Editor in 0.00 ms.
Unloading 1812 Unused Serialized files (Serialized files now loaded: 0)
System memory in use before: 87.6 MB.
System memory in use after: 87.6 MB.

Unloading 12 unused Assets to reduce memory usage. Loaded Objects now: 2312.
Total: 2.088100 ms (FindLiveObjects: 0.345000 ms CreateObjectMapping: 0.082700 ms MarkObjects: 1.570700 ms  DeleteObjects: 0.088700 ms)

AssetImportParameters requested are different than current active one (requested -> active):
  custom:graphics/normal-map-encoding: 01000000000000000000000000000000 -> 02000000000000000000000000000000
========================================================================
Received Prepare
Registering precompiled user dll's ...
Registered in 0.000678 seconds.
Begin MonoManager ReloadAssembly
Native extension for WindowsStandalone target not found
Native extension for OSXStandalone target not found
Refreshing native plugins compatible for Editor in 0.31 ms, found 1 plugins.
Preloading 0 native plugins for Editor in 0.00 ms.
Invoked RoslynAnalysisRunner static constructor.
RoslynAnalysisRunner will not be running.
RoslynAnalysisRunner has terminated.
Mono: successfully reloaded assembly
- Completed reload, in  0.757 seconds
Platform modules already initialized, skipping
Switching build target platform(5) subTarget(0) extendedPlatform(0) -> platform(13) subTarget(537395200) extendedPlatform(0)
Refreshing native plugins compatible for Editor in 0.33 ms, found 1 plugins.
Preloading 0 native plugins for Editor in 0.00 ms.
Unloading 1812 Unused Serialized files (Serialized files now loaded: 0)
System memory in use before: 87.6 MB.
System memory in use after: 87.6 MB.

Unloading 12 unused Assets to reduce memory usage. Loaded Objects now: 2316.
Total: 1.803900 ms (FindLiveObjects: 0.174600 ms CreateObjectMapping: 0.063300 ms MarkObjects: 1.471700 ms  DeleteObjects: 0.093400 ms)

AssetImportParameters requested are different than current active one (requested -> active):
  custom:graphics/normal-map-encoding: 01000000000000000000000000000000 -> 02000000000000000000000000000000
========================================================================
Received Prepare
Registering precompiled user dll's ...
Registered in 0.000619 seconds.
Begin MonoManager ReloadAssembly
Native extension for WindowsStandalone target not found
Native extension for OSXStandalone target not found
Refreshing native plugins compatible for Editor in 0.33 ms, found 1 plugins.
Preloading 0 native plugins for Editor in 0.00 ms.
Invoked RoslynAnalysisRunner static constructor.
RoslynAnalysisRunner will not be running.
RoslynAnalysisRunner has terminated.
Mono: successfully reloaded assembly
- Completed reload, in  0.761 seconds
Platform modules already initialized, skipping
Switching build target platform(5) subTarget(0) extendedPlatform(0) -> platform(13) subTarget(537395200) extendedPlatform(0)
Refreshing native plugins compatible for Editor in 0.32 ms, found 1 plugins.
Preloading 0 native plugins for Editor in 0.00 ms.
Unloading 1812 Unused Serialized files (Serialized files now loaded: 0)
System memory in use before: 87.6 MB.
System memory in use after: 87.6 MB.

Unloading 12 unused Assets to reduce memory usage. Loaded Objects now: 2320.
Total: 1.962900 ms (FindLiveObjects: 0.161100 ms CreateObjectMapping: 0.054500 ms MarkObjects: 1.654100 ms  DeleteObjects: 0.092400 ms)

AssetImportParameters requested are different than current active one (requested -> active):
  custom:graphics/normal-map-encoding: 01000000000000000000000000000000 -> 02000000000000000000000000000000
========================================================================
Received Import Request.
  Time since last request: 551.959563 seconds.
  path: Assets/Scripts/QuestManager.cs
  artifactKey: Guid(10fefaf5527c96f439414fee3bbd1eab) Importer(815301076,1909f56bfc062723c751e8b465ee728b)
Start importing Assets/Scripts/QuestManager.cs using Guid(10fefaf5527c96f439414fee3bbd1eab) Importer(815301076,1909f56bfc062723c751e8b465ee728b)  -> (artifact id: '3aef82d57f8d1fc37fcf49bad1030b3a') in 0.003169 seconds
  Import took 0.005741 seconds .

========================================================================
Received Prepare
Registering precompiled user dll's ...
Registered in 0.000904 seconds.
Begin MonoManager ReloadAssembly
Native extension for WindowsStandalone target not found
Native extension for OSXStandalone target not found
Refreshing native plugins compatible for Editor in 0.39 ms, found 1 plugins.
Preloading 0 native plugins for Editor in 0.00 ms.
Invoked RoslynAnalysisRunner static constructor.
RoslynAnalysisRunner will not be running.
RoslynAnalysisRunner has terminated.
Mono: successfully reloaded assembly
- Completed reload, in  0.768 seconds
Platform modules already initialized, skipping
Switching build target platform(5) subTarget(0) extendedPlatform(0) -> platform(13) subTarget(537395200) extendedPlatform(0)
Refreshing native plugins compatible for Editor in 0.29 ms, found 1 plugins.
Preloading 0 native plugins for Editor in 0.00 ms.
Unloading 1812 Unused Serialized files (Serialized files now loaded: 0)
System memory in use before: 87.6 MB.
System memory in use after: 87.6 MB.

Unloading 12 unused Assets to reduce memory usage. Loaded Objects now: 2324.
Total: 1.942200 ms (FindLiveObjects: 0.170900 ms CreateObjectMapping: 0.060200 ms MarkObjects: 1.618500 ms  DeleteObjects: 0.092000 ms)

AssetImportParameters requested are different than current active one (requested -> active):
  custom:graphics/normal-map-encoding: 01000000000000000000000000000000 -> 02000000000000000000000000000000
========================================================================
Received Import Request.
  Time since last request: 158.040456 seconds.
  path: Assets/Scripts/QuestManager.cs
  artifactKey: Guid(10fefaf5527c96f439414fee3bbd1eab) Importer(815301076,1909f56bfc062723c751e8b465ee728b)
Start importing Assets/Scripts/QuestManager.cs using Guid(10fefaf5527c96f439414fee3bbd1eab) Importer(815301076,1909f56bfc062723c751e8b465ee728b)  -> (artifact id: 'fd253dfe7721265cc06fa66ffd770b5f') in 0.003038 seconds
  Import took 0.005204 seconds .

========================================================================
Received Prepare
Registering precompiled user dll's ...
Registered in 0.000646 seconds.
Begin MonoManager ReloadAssembly
Native extension for WindowsStandalone target not found
Native extension for OSXStandalone target not found
Refreshing native plugins compatible for Editor in 0.32 ms, found 1 plugins.
Preloading 0 native plugins for Editor in 0.00 ms.
Invoked RoslynAnalysisRunner static constructor.
RoslynAnalysisRunner will not be running.
RoslynAnalysisRunner has terminated.
Mono: successfully reloaded assembly
- Completed reload, in  0.750 seconds
Platform modules already initialized, skipping
Switching build target platform(5) subTarget(0) extendedPlatform(0) -> platform(13) subTarget(537395200) extendedPlatform(0)
Refreshing native plugins compatible for Editor in 0.31 ms, found 1 plugins.
Preloading 0 native plugins for Editor in 0.00 ms.
Unloading 1812 Unused Serialized files (Serialized files now loaded: 0)
System memory in use before: 87.6 MB.
System memory in use after: 87.6 MB.

Unloading 12 unused Assets to reduce memory usage. Loaded Objects now: 2328.
Total: 1.978400 ms (FindLiveObjects: 0.157100 ms CreateObjectMapping: 0.055400 ms MarkObjects: 1.677300 ms  DeleteObjects: 0.087900 ms)

AssetImportParameters requested are different than current active one (requested -> active):
  custom:graphics/normal-map-encoding: 01000000000000000000000000000000 -> 02000000000000000000000000000000
========================================================================
Received Prepare
Registering precompiled user dll's ...
Registered in 0.001114 seconds.
Begin MonoManager ReloadAssembly
Native extension for WindowsStandalone target not found
Native extension for OSXStandalone target not found
Refreshing native plugins compatible for Editor in 0.31 ms, found 1 plugins.
Preloading 0 native plugins for Editor in 0.00 ms.
Invoked RoslynAnalysisRunner static constructor.
RoslynAnalysisRunner will not be running.
RoslynAnalysisRunner has terminated.
Mono: successfully reloaded assembly
- Completed reload, in  0.764 seconds
Platform modules already initialized, skipping
Switching build target platform(5) subTarget(0) extendedPlatform(0) -> platform(13) subTarget(537395200) extendedPlatform(0)
Refreshing native plugins compatible for Editor in 0.30 ms, found 1 plugins.
Preloading 0 native plugins for Editor in 0.00 ms.
Unloading 1812 Unused Serialized files (Serialized files now loaded: 0)
System memory in use before: 87.7 MB.
System memory in use after: 87.7 MB.

Unloading 12 unused Assets to reduce memory usage. Loaded Objects now: 2332.
Total: 1.886800 ms (FindLiveObjects: 0.182900 ms CreateObjectMapping: 0.066200 ms MarkObjects: 1.529700 ms  DeleteObjects: 0.107100 ms)

AssetImportParameters requested are different than current active one (requested -> active):
  custom:graphics/normal-map-encoding: 01000000000000000000000000000000 -> 02000000000000000000000000000000
========================================================================
Received Import Request.
  Time since last request: 392.172398 seconds.
  path: Assets/Aekashics Librarium - Megapack III/Static
  artifactKey: Guid(80fe4c49cc57aff429b58b782be6b933) Importer(815301076,1909f56bfc062723c751e8b465ee728b)
Start importing Assets/Aekashics Librarium - Megapack III/Static using Guid(80fe4c49cc57aff429b58b782be6b933) Importer(815301076,1909f56bfc062723c751e8b465ee728b)  -> (artifact id: 'e0051ae67a071a82c84a630364cac493') in 0.004286 seconds
  Import took 0.007312 seconds .

========================================================================
Received Import Request.
  Time since last request: 1.190519 seconds.
  path: Assets/Aekashics Librarium - Megapack III/Static/Front
  artifactKey: Guid(1ba0cdbc2633df2498354a19001a0d65) Importer(815301076,1909f56bfc062723c751e8b465ee728b)
Start importing Assets/Aekashics Librarium - Megapack III/Static/Front using Guid(1ba0cdbc2633df2498354a19001a0d65) Importer(815301076,1909f56bfc062723c751e8b465ee728b)  -> (artifact id: '85d7999a70df7371df382360e51b7e7f') in 0.001125 seconds
  Import took 0.003566 seconds .

========================================================================
Received Import Request.
  Time since last request: 0.787308 seconds.
  path: Assets/Aekashics Librarium - Megapack III/Static/Front/Megapack III Axe Warrior Dwarf.png
  artifactKey: Guid(7eca5eb76d1a9e4429a044ab8ff7efc6) Importer(815301076,1909f56bfc062723c751e8b465ee728b)
Start importing Assets/Aekashics Librarium - Megapack III/Static/Front/Megapack III Axe Warrior Dwarf.png using Guid(7eca5eb76d1a9e4429a044ab8ff7efc6) Importer(815301076,1909f56bfc062723c751e8b465ee728b)  -> (artifact id: 'e56ce3357c209aa15a546ac7c2bd50b8') in 0.076664 seconds
  Import took 0.079133 seconds .

========================================================================
Received Import Request.
  Time since last request: 0.000218 seconds.
  path: Assets/Aekashics Librarium - Megapack III/Static/Front/Megpack III Drill Dwarf.png
  artifactKey: Guid(ba725d29d5acae34491f20ef798aad04) Importer(815301076,1909f56bfc062723c751e8b465ee728b)
Start importing Assets/Aekashics Librarium - Megapack III/Static/Front/Megpack III Drill Dwarf.png using Guid(ba725d29d5acae34491f20ef798aad04) Importer(815301076,1909f56bfc062723c751e8b465ee728b)  -> (artifact id: 'fee1765d99b63e2b197c2ba5d5fdf68f') in 0.008294 seconds
  Import took 0.010762 seconds .

========================================================================
Received Import Request.
  Time since last request: 0.000238 seconds.
  path: Assets/Aekashics Librarium - Megapack III/Static/Front/Megapack III Behemoth.png
  artifactKey: Guid(8d68bf6b48ccb7a4e833f51e08feec5c) Importer(815301076,1909f56bfc062723c751e8b465ee728b)
Start importing Assets/Aekashics Librarium - Megapack III/Static/Front/Megapack III Behemoth.png using Guid(8d68bf6b48ccb7a4e833f51e08feec5c) Importer(815301076,1909f56bfc062723c751e8b465ee728b)  -> (artifact id: 'a82a2933d83f1ea4718e9a7394c4dc5a') in 0.012912 seconds
  Import took 0.015320 seconds .

========================================================================
Received Import Request.
  Time since last request: 0.000237 seconds.
  path: Assets/Aekashics Librarium - Megapack III/Static/Front/Megapack III Elemental Lords Fire Lord.png
  artifactKey: Guid(37db3613ed51d024188d1cae32d3e59a) Importer(815301076,1909f56bfc062723c751e8b465ee728b)
Start importing Assets/Aekashics Librarium - Megapack III/Static/Front/Megapack III Elemental Lords Fire Lord.png using Guid(37db3613ed51d024188d1cae32d3e59a) Importer(815301076,1909f56bfc062723c751e8b465ee728b)  -> (artifact id: '1fcff56e226a9b6063c6593ef61e2791') in 0.012906 seconds
  Import took 0.015189 seconds .

========================================================================
Received Import Request.
  Time since last request: 0.000242 seconds.
  path: Assets/Aekashics Librarium - Megapack III/Static/Front/Megapack III Void Gargoyle.png
  artifactKey: Guid(a1f616cae7ad9e14ba2341f2d9ecda54) Importer(815301076,1909f56bfc062723c751e8b465ee728b)
Start importing Assets/Aekashics Librarium - Megapack III/Static/Front/Megapack III Void Gargoyle.png using Guid(a1f616cae7ad9e14ba2341f2d9ecda54) Importer(815301076,1909f56bfc062723c751e8b465ee728b)  -> (artifact id: 'c35d8aedc3198eaa6b2f62d3b0aba81d') in 0.009888 seconds
  Import took 0.012356 seconds .

========================================================================
Received Import Request.
  Time since last request: 0.000260 seconds.
  path: Assets/Aekashics Librarium - Megapack III/Static/Front/Megapack III Undead Warrior Benkei.png
  artifactKey: Guid(36c422b9ec7a3164fb837dc110a89c14) Importer(815301076,1909f56bfc062723c751e8b465ee728b)
Start importing Assets/Aekashics Librarium - Megapack III/Static/Front/Megapack III Undead Warrior Benkei.png using Guid(36c422b9ec7a3164fb837dc110a89c14) Importer(815301076,1909f56bfc062723c751e8b465ee728b)  -> (artifact id: 'e4b45d729b252d7eeb98ba4fd230cf4d') in 0.008686 seconds
  Import took 0.011200 seconds .

========================================================================
Received Import Request.
  Time since last request: 0.000228 seconds.
  path: Assets/Aekashics Librarium - Megapack III/Static/Front/Megapack III Zodiac Aries.png
  artifactKey: Guid(98de9660dcd60814bbcab03c3d809c49) Importer(815301076,1909f56bfc062723c751e8b465ee728b)
Start importing Assets/Aekashics Librarium - Megapack III/Static/Front/Megapack III Zodiac Aries.png using Guid(98de9660dcd60814bbcab03c3d809c49) Importer(815301076,1909f56bfc062723c751e8b465ee728b)  -> (artifact id: '7947aa18ce1c418b171ca38109aeff39') in 0.009687 seconds
  Import took 0.011997 seconds .

========================================================================
Received Import Request.
  Time since last request: 0.000214 seconds.
  path: Assets/Aekashics Librarium - Megapack III/Static/Front/Megapack III Black Iron Minotaur Beef.png
  artifactKey: Guid(c9167afd650254746a356272a61b3438) Importer(815301076,1909f56bfc062723c751e8b465ee728b)
Start importing Assets/Aekashics Librarium - Megapack III/Static/Front/Megapack III Black Iron Minotaur Beef.png using Guid(c9167afd650254746a356272a61b3438) Importer(815301076,1909f56bfc062723c751e8b465ee728b)  -> (artifact id: 'a3016c018b62115835f68d94596dc1c8') in 0.008443 seconds
  Import took 0.010769 seconds .

========================================================================
Received Import Request.
  Time since last request: 0.000244 seconds.
  path: Assets/Aekashics Librarium - Megapack III/Static/Front/Megapack III Hellhound Inferni.png
  artifactKey: Guid(8c7a13a35a86dc44ab40de9d93374d78) Importer(815301076,1909f56bfc062723c751e8b465ee728b)
Start importing Assets/Aekashics Librarium - Megapack III/Static/Front/Megapack III Hellhound Inferni.png using Guid(8c7a13a35a86dc44ab40de9d93374d78) Importer(815301076,1909f56bfc062723c751e8b465ee728b)  -> (artifact id: '6eb9c42f5c069ba80949cf435e6c9e9c') in 0.010260 seconds
  Import took 0.012875 seconds .

========================================================================
Received Import Request.
  Time since last request: 0.000263 seconds.
  path: Assets/Aekashics Librarium - Megapack III/Static/Front/Megapack III Red Guard B.png
  artifactKey: Guid(1ee0179d1f9b0874693d43ddb6cdd811) Importer(815301076,1909f56bfc062723c751e8b465ee728b)
Start importing Assets/Aekashics Librarium - Megapack III/Static/Front/Megapack III Red Guard B.png using Guid(1ee0179d1f9b0874693d43ddb6cdd811) Importer(815301076,1909f56bfc062723c751e8b465ee728b)  -> (artifact id: '8d604bb75ea3fd2e1a7f75234d81ea40') in 0.009494 seconds
  Import took 0.011911 seconds .

========================================================================
Received Import Request.
  Time since last request: 0.000210 seconds.
  path: Assets/Aekashics Librarium - Megapack III/Static/Front/Megapack III Elemental Lords Ice Maiden.png
  artifactKey: Guid(c1980abec00da2d4881407f8f33a2464) Importer(815301076,1909f56bfc062723c751e8b465ee728b)
Start importing Assets/Aekashics Librarium - Megapack III/Static/Front/Megapack III Elemental Lords Ice Maiden.png using Guid(c1980abec00da2d4881407f8f33a2464) Importer(815301076,1909f56bfc062723c751e8b465ee728b)  -> (artifact id: 'f77b18c9f0d37ce1d5f89ce8a6afcafc') in 0.009736 seconds
  Import took 0.012111 seconds .

========================================================================
Received Import Request.
  Time since last request: 0.000195 seconds.
  path: Assets/Aekashics Librarium - Megapack III/Static/Front/Megapack III Fallen Kings King Of Dwarves Skor.png
  artifactKey: Guid(7750fc70c5e3fec47b59ceee22f6c926) Importer(815301076,1909f56bfc062723c751e8b465ee728b)
Start importing Assets/Aekashics Librarium - Megapack III/Static/Front/Megapack III Fallen Kings King Of Dwarves Skor.png using Guid(7750fc70c5e3fec47b59ceee22f6c926) Importer(815301076,1909f56bfc062723c751e8b465ee728b)  -> (artifact id: 'ff541e957b9d47da0cacfd7c7cd8300b') in 0.008783 seconds
  Import took 0.011651 seconds .

========================================================================
Received Import Request.
  Time since last request: 0.000176 seconds.
  path: Assets/Aekashics Librarium - Megapack III/Static/Front/Megapack III Cerberus Ptolemaios.png
  artifactKey: Guid(a02f1670c123920408878691900a2ddc) Importer(815301076,1909f56bfc062723c751e8b465ee728b)
Start importing Assets/Aekashics Librarium - Megapack III/Static/Front/Megapack III Cerberus Ptolemaios.png using Guid(a02f1670c123920408878691900a2ddc) Importer(815301076,1909f56bfc062723c751e8b465ee728b)  -> (artifact id: '2a8ec95162713e3973132d09c8bbdd60') in 0.009300 seconds
  Import took 0.011940 seconds .

========================================================================
Received Import Request.
  Time since last request: 0.000190 seconds.
  path: Assets/Aekashics Librarium - Megapack III/Static/Front/Megapack III Fallen Kings Arcane King Jeffroy.png
  artifactKey: Guid(faec8b309a13fa94ab34b7e790aebc17) Importer(815301076,1909f56bfc062723c751e8b465ee728b)
Start importing Assets/Aekashics Librarium - Megapack III/Static/Front/Megapack III Fallen Kings Arcane King Jeffroy.png using Guid(faec8b309a13fa94ab34b7e790aebc17) Importer(815301076,1909f56bfc062723c751e8b465ee728b)  -> (artifact id: '6bd56bc32b9e35b86fa90738e05218fb') in 0.007973 seconds
  Import took 0.010503 seconds .

========================================================================
Received Import Request.
  Time since last request: 0.000220 seconds.
  path: Assets/Aekashics Librarium - Megapack III/Static/Front/Megapack III Fallen Kings King Of Giants Goken.png
  artifactKey: Guid(b1b6cd174ae30b940bd7870bae069132) Importer(815301076,1909f56bfc062723c751e8b465ee728b)
Start importing Assets/Aekashics Librarium - Megapack III/Static/Front/Megapack III Fallen Kings King Of Giants Goken.png using Guid(b1b6cd174ae30b940bd7870bae069132) Importer(815301076,1909f56bfc062723c751e8b465ee728b)  -> (artifact id: '8801ed081bb946c6bbc95c33e3e79b4c') in 0.009184 seconds
  Import took 0.011684 seconds .

========================================================================
Received Import Request.
  Time since last request: 0.000240 seconds.
  path: Assets/Aekashics Librarium - Megapack III/Static/Front/Megapack III Red Guard C.png
  artifactKey: Guid(a32eb60562a87cc41b5a9248cf83bf8b) Importer(815301076,1909f56bfc062723c751e8b465ee728b)
Start importing Assets/Aekashics Librarium - Megapack III/Static/Front/Megapack III Red Guard C.png using Guid(a32eb60562a87cc41b5a9248cf83bf8b) Importer(815301076,1909f56bfc062723c751e8b465ee728b)  -> (artifact id: 'e967efdbbc835c25e0550e603b07e556') in 0.007624 seconds
  Import took 0.010263 seconds .

========================================================================
Received Import Request.
  Time since last request: 0.000253 seconds.
  path: Assets/Aekashics Librarium - Megapack III/Static/Front/Megpack III Fallen Kings Undead King Berthelot.png
  artifactKey: Guid(091b2135c0b86454296b372411772597) Importer(815301076,1909f56bfc062723c751e8b465ee728b)
Start importing Assets/Aekashics Librarium - Megapack III/Static/Front/Megpack III Fallen Kings Undead King Berthelot.png using Guid(091b2135c0b86454296b372411772597) Importer(815301076,1909f56bfc062723c751e8b465ee728b)  -> (artifact id: '54c7be5f82b48a50def22911bb15decf') in 0.007579 seconds
  Import took 0.010264 seconds .

========================================================================
Received Import Request.
  Time since last request: 0.000190 seconds.
  path: Assets/Aekashics Librarium - Megapack III/Static/Front/Megapack III Dragonslayer Dwarf.png
  artifactKey: Guid(f34469d454278ad43868661ccd440325) Importer(815301076,1909f56bfc062723c751e8b465ee728b)
Start importing Assets/Aekashics Librarium - Megapack III/Static/Front/Megapack III Dragonslayer Dwarf.png using Guid(f34469d454278ad43868661ccd440325) Importer(815301076,1909f56bfc062723c751e8b465ee728b)  -> (artifact id: '9a69c4bcf03851fcd020b79696236d69') in 0.007343 seconds
  Import took 0.009937 seconds .

========================================================================
Received Import Request.
  Time since last request: 0.000233 seconds.
  path: Assets/Aekashics Librarium - Megapack III/Static/Front/Megapack III Red Guard A.png
  artifactKey: Guid(a814940e47504874d8027a860d5bc5e2) Importer(815301076,1909f56bfc062723c751e8b465ee728b)
Start importing Assets/Aekashics Librarium - Megapack III/Static/Front/Megapack III Red Guard A.png using Guid(a814940e47504874d8027a860d5bc5e2) Importer(815301076,1909f56bfc062723c751e8b465ee728b)  -> (artifact id: '6d7209fb80f90004352ce3f7695b8f88') in 0.009755 seconds
  Import took 0.012091 seconds .

========================================================================
Received Import Request.
  Time since last request: 0.000199 seconds.
  path: Assets/Aekashics Librarium - Megapack III/Static/Front/Megapack III Fallen Kings King Of Elves Dreyel.png
  artifactKey: Guid(6a964007a3276914290a500d00b04763) Importer(815301076,1909f56bfc062723c751e8b465ee728b)
Start importing Assets/Aekashics Librarium - Megapack III/Static/Front/Megapack III Fallen Kings King Of Elves Dreyel.png using Guid(6a964007a3276914290a500d00b04763) Importer(815301076,1909f56bfc062723c751e8b465ee728b)  -> (artifact id: 'b6bdbd2bd55721d982afca1ae800eb94') in 0.008315 seconds
  Import took 0.010754 seconds .

========================================================================
Received Import Request.
  Time since last request: 6.744415 seconds.
  path: Assets/Prefabs/Megapack III Zodiac Aries.prefab
  artifactKey: Guid(15c1274b09b155e45978e4c77b47bf67) Importer(815301076,1909f56bfc062723c751e8b465ee728b)
Start importing Assets/Prefabs/Megapack III Zodiac Aries.prefab using Guid(15c1274b09b155e45978e4c77b47bf67) Importer(815301076,1909f56bfc062723c751e8b465ee728b)  -> (artifact id: '36570a226b195b8f724175b6f1007d7e') in 0.050011 seconds
  Import took 0.052803 seconds .

========================================================================
Received Import Request.
  Time since last request: 0.002272 seconds.
  path: Assets/Prefabs/Megapack III Zodiac Aries.prefab
  artifactKey: Guid(15c1274b09b155e45978e4c77b47bf67) Importer(815301076,1909f56bfc062723c751e8b465ee728b)
Start importing Assets/Prefabs/Megapack III Zodiac Aries.prefab using Guid(15c1274b09b155e45978e4c77b47bf67) Importer(815301076,1909f56bfc062723c751e8b465ee728b)  -> (artifact id: '36570a226b195b8f724175b6f1007d7e') in 0.006298 seconds
  Import took 0.008814 seconds .

========================================================================
Received Import Request.
  Time since last request: 22.565074 seconds.
  path: Assets/Prefabs/Megapack III Zodiac Aries.prefab
  artifactKey: Guid(15c1274b09b155e45978e4c77b47bf67) Importer(815301076,1909f56bfc062723c751e8b465ee728b)
Start importing Assets/Prefabs/Megapack III Zodiac Aries.prefab using Guid(15c1274b09b155e45978e4c77b47bf67) Importer(815301076,1909f56bfc062723c751e8b465ee728b)  -> (artifact id: 'a24ba093cd93f634d46c7477fa652137') in 0.007205 seconds
  Import took 0.009770 seconds .

========================================================================
Received Import Request.
  Time since last request: 69.580264 seconds.
  path: Assets/Prefabs/EnemyPrefab.prefab
  artifactKey: Guid(15c1274b09b155e45978e4c77b47bf67) Importer(815301076,1909f56bfc062723c751e8b465ee728b)
Start importing Assets/Prefabs/EnemyPrefab.prefab using Guid(15c1274b09b155e45978e4c77b47bf67) Importer(815301076,1909f56bfc062723c751e8b465ee728b)  -> (artifact id: '7cf54391a776f91ed3dad9f2f36d3e85') in 0.007223 seconds
  Import took 0.010169 seconds .

========================================================================
Received Import Request.
  Time since last request: 0.002025 seconds.
  path: Assets/Prefabs/EnemyPrefab.prefab
  artifactKey: Guid(15c1274b09b155e45978e4c77b47bf67) Importer(815301076,1909f56bfc062723c751e8b465ee728b)
Start importing Assets/Prefabs/EnemyPrefab.prefab using Guid(15c1274b09b155e45978e4c77b47bf67) Importer(815301076,1909f56bfc062723c751e8b465ee728b)  -> (artifact id: '7cf54391a776f91ed3dad9f2f36d3e85') in 0.006371 seconds
  Import took 0.009383 seconds .

========================================================================
Received Prepare
Registering precompiled user dll's ...
Registered in 0.000562 seconds.
Begin MonoManager ReloadAssembly
Native extension for WindowsStandalone target not found
Native extension for OSXStandalone target not found
Refreshing native plugins compatible for Editor in 0.32 ms, found 1 plugins.
Preloading 0 native plugins for Editor in 0.00 ms.
Invoked RoslynAnalysisRunner static constructor.
RoslynAnalysisRunner will not be running.
RoslynAnalysisRunner has terminated.
Mono: successfully reloaded assembly
- Completed reload, in  0.797 seconds
Platform modules already initialized, skipping
Switching build target platform(5) subTarget(0) extendedPlatform(0) -> platform(13) subTarget(537395200) extendedPlatform(0)
Refreshing native plugins compatible for Editor in 0.31 ms, found 1 plugins.
Preloading 0 native plugins for Editor in 0.00 ms.
Unloading 1812 Unused Serialized files (Serialized files now loaded: 0)
System memory in use before: 90.9 MB.
System memory in use after: 90.8 MB.

Unloading 12 unused Assets to reduce memory usage. Loaded Objects now: 2382.
Total: 1.724400 ms (FindLiveObjects: 0.171500 ms CreateObjectMapping: 0.058800 ms MarkObjects: 1.404700 ms  DeleteObjects: 0.088800 ms)

AssetImportParameters requested are different than current active one (requested -> active):
  custom:graphics/normal-map-encoding: 01000000000000000000000000000000 -> 02000000000000000000000000000000
========================================================================
Received Import Request.
  Time since last request: 176.885886 seconds.
  path: Assets/Prefabs/EnemyPrefab.prefab
  artifactKey: Guid(15c1274b09b155e45978e4c77b47bf67) Importer(815301076,1909f56bfc062723c751e8b465ee728b)
Start importing Assets/Prefabs/EnemyPrefab.prefab using Guid(15c1274b09b155e45978e4c77b47bf67) Importer(815301076,1909f56bfc062723c751e8b465ee728b)  -> (artifact id: '1cbddca35d199d55eadd38bde0996496') in 0.048297 seconds
  Import took 0.051454 seconds .

========================================================================
Received Import Request.
  Time since last request: 31.227878 seconds.
  path: Assets/Prefabs/EnemyPrefab.prefab
  artifactKey: Guid(15c1274b09b155e45978e4c77b47bf67) Importer(815301076,1909f56bfc062723c751e8b465ee728b)
Start importing Assets/Prefabs/EnemyPrefab.prefab using Guid(15c1274b09b155e45978e4c77b47bf67) Importer(815301076,1909f56bfc062723c751e8b465ee728b)  -> (artifact id: '523991fb5d12c757202194f661894566') in 0.006877 seconds
  Import took 0.009658 seconds .

========================================================================
Received Import Request.
  Time since last request: 0.001204 seconds.
  path: Assets/Prefabs/EnemyPrefab.prefab
  artifactKey: Guid(15c1274b09b155e45978e4c77b47bf67) Importer(815301076,1909f56bfc062723c751e8b465ee728b)
Start importing Assets/Prefabs/EnemyPrefab.prefab using Guid(15c1274b09b155e45978e4c77b47bf67) Importer(815301076,1909f56bfc062723c751e8b465ee728b)  -> (artifact id: '523991fb5d12c757202194f661894566') in 0.007257 seconds
  Import took 0.010346 seconds .

========================================================================
Received Import Request.
  Time since last request: 31.490709 seconds.
  path: Assets/Scripts/EnemyManager.cs
  artifactKey: Guid(d478ab5d1bb5aab41b93159ed8b77cb6) Importer(815301076,1909f56bfc062723c751e8b465ee728b)
Start importing Assets/Scripts/EnemyManager.cs using Guid(d478ab5d1bb5aab41b93159ed8b77cb6) Importer(815301076,1909f56bfc062723c751e8b465ee728b)  -> (artifact id: 'b671154bf096b0d4bc5aeea8de7c219d') in 0.001404 seconds
  Import took 0.004061 seconds .

========================================================================
Received Import Request.
  Time since last request: 0.001097 seconds.
  path: Assets/Scripts/EnemyManager.cs
  artifactKey: Guid(d478ab5d1bb5aab41b93159ed8b77cb6) Importer(815301076,1909f56bfc062723c751e8b465ee728b)
Start importing Assets/Scripts/EnemyManager.cs using Guid(d478ab5d1bb5aab41b93159ed8b77cb6) Importer(815301076,1909f56bfc062723c751e8b465ee728b)  -> (artifact id: 'b671154bf096b0d4bc5aeea8de7c219d') in 0.001357 seconds
  Import took 0.003860 seconds .

========================================================================
Received Import Request.
  Time since last request: 4.916707 seconds.
  path: Assets/Scripts/BattleManager.cs
  artifactKey: Guid(c4995a5a7cad0b148a042c7eb2bba2de) Importer(815301076,1909f56bfc062723c751e8b465ee728b)
Start importing Assets/Scripts/BattleManager.cs using Guid(c4995a5a7cad0b148a042c7eb2bba2de) Importer(815301076,1909f56bfc062723c751e8b465ee728b)  -> (artifact id: '0fe0b45be84d2ab325460d27778a8fab') in 0.001137 seconds
  Import took 0.003763 seconds .

========================================================================
Received Import Request.
  Time since last request: 0.001425 seconds.
  path: Assets/Scripts/BattleManager.cs
  artifactKey: Guid(c4995a5a7cad0b148a042c7eb2bba2de) Importer(815301076,1909f56bfc062723c751e8b465ee728b)
Start importing Assets/Scripts/BattleManager.cs using Guid(c4995a5a7cad0b148a042c7eb2bba2de) Importer(815301076,1909f56bfc062723c751e8b465ee728b)  -> (artifact id: '0fe0b45be84d2ab325460d27778a8fab') in 0.001395 seconds
  Import took 0.004166 seconds .

========================================================================
Received Prepare
Registering precompiled user dll's ...
Registered in 0.000613 seconds.
Begin MonoManager ReloadAssembly
Native extension for WindowsStandalone target not found
Native extension for OSXStandalone target not found
Refreshing native plugins compatible for Editor in 0.32 ms, found 1 plugins.
Preloading 0 native plugins for Editor in 0.00 ms.
Invoked RoslynAnalysisRunner static constructor.
RoslynAnalysisRunner will not be running.
RoslynAnalysisRunner has terminated.
Mono: successfully reloaded assembly
- Completed reload, in  0.789 seconds
Platform modules already initialized, skipping
Switching build target platform(5) subTarget(0) extendedPlatform(0) -> platform(13) subTarget(537395200) extendedPlatform(0)
Refreshing native plugins compatible for Editor in 0.29 ms, found 1 plugins.
Preloading 0 native plugins for Editor in 0.00 ms.
Unloading 1812 Unused Serialized files (Serialized files now loaded: 0)
System memory in use before: 90.9 MB.
System memory in use after: 90.9 MB.

Unloading 12 unused Assets to reduce memory usage. Loaded Objects now: 2387.
Total: 2.000600 ms (FindLiveObjects: 0.178600 ms CreateObjectMapping: 0.072600 ms MarkObjects: 1.651100 ms  DeleteObjects: 0.097700 ms)

AssetImportParameters requested are different than current active one (requested -> active):
  custom:graphics/normal-map-encoding: 01000000000000000000000000000000 -> 02000000000000000000000000000000
========================================================================
Received Prepare
Registering precompiled user dll's ...
Registered in 0.000622 seconds.
Begin MonoManager ReloadAssembly
Native extension for WindowsStandalone target not found
Native extension for OSXStandalone target not found
Refreshing native plugins compatible for Editor in 0.31 ms, found 1 plugins.
Preloading 0 native plugins for Editor in 0.00 ms.
Invoked RoslynAnalysisRunner static constructor.
RoslynAnalysisRunner will not be running.
RoslynAnalysisRunner has terminated.
Mono: successfully reloaded assembly
- Completed reload, in  0.757 seconds
Platform modules already initialized, skipping
Switching build target platform(5) subTarget(0) extendedPlatform(0) -> platform(13) subTarget(537395200) extendedPlatform(0)
Refreshing native plugins compatible for Editor in 0.30 ms, found 1 plugins.
Preloading 0 native plugins for Editor in 0.00 ms.
Unloading 1812 Unused Serialized files (Serialized files now loaded: 0)
System memory in use before: 90.9 MB.
System memory in use after: 90.9 MB.

Unloading 12 unused Assets to reduce memory usage. Loaded Objects now: 2391.
Total: 1.829400 ms (FindLiveObjects: 0.180400 ms CreateObjectMapping: 0.051700 ms MarkObjects: 1.474300 ms  DeleteObjects: 0.122300 ms)

AssetImportParameters requested are different than current active one (requested -> active):
  custom:graphics/normal-map-encoding: 01000000000000000000000000000000 -> 02000000000000000000000000000000
========================================================================
Received Prepare
Registering precompiled user dll's ...
Registered in 0.000647 seconds.
Begin MonoManager ReloadAssembly
Native extension for WindowsStandalone target not found
Native extension for OSXStandalone target not found
Refreshing native plugins compatible for Editor in 0.31 ms, found 1 plugins.
Preloading 0 native plugins for Editor in 0.00 ms.
Invoked RoslynAnalysisRunner static constructor.
RoslynAnalysisRunner will not be running.
RoslynAnalysisRunner has terminated.
Mono: successfully reloaded assembly
- Completed reload, in  0.784 seconds
Platform modules already initialized, skipping
Switching build target platform(5) subTarget(0) extendedPlatform(0) -> platform(13) subTarget(537395200) extendedPlatform(0)
Refreshing native plugins compatible for Editor in 0.30 ms, found 1 plugins.
Preloading 0 native plugins for Editor in 0.00 ms.
Unloading 1812 Unused Serialized files (Serialized files now loaded: 0)
System memory in use before: 90.9 MB.
System memory in use after: 90.9 MB.

Unloading 12 unused Assets to reduce memory usage. Loaded Objects now: 2395.
Total: 2.088800 ms (FindLiveObjects: 0.180700 ms CreateObjectMapping: 0.054100 ms MarkObjects: 1.742300 ms  DeleteObjects: 0.110700 ms)

AssetImportParameters requested are different than current active one (requested -> active):
  custom:graphics/normal-map-encoding: 01000000000000000000000000000000 -> 02000000000000000000000000000000
========================================================================
Received Prepare
Registering precompiled user dll's ...
Registered in 0.000604 seconds.
Begin MonoManager ReloadAssembly
Native extension for WindowsStandalone target not found
Native extension for OSXStandalone target not found
Refreshing native plugins compatible for Editor in 0.31 ms, found 1 plugins.
Preloading 0 native plugins for Editor in 0.00 ms.
Invoked RoslynAnalysisRunner static constructor.
RoslynAnalysisRunner will not be running.
RoslynAnalysisRunner has terminated.
Mono: successfully reloaded assembly
- Completed reload, in  0.789 seconds
Platform modules already initialized, skipping
Switching build target platform(5) subTarget(0) extendedPlatform(0) -> platform(13) subTarget(537395200) extendedPlatform(0)
Refreshing native plugins compatible for Editor in 0.30 ms, found 1 plugins.
Preloading 0 native plugins for Editor in 0.00 ms.
Unloading 1812 Unused Serialized files (Serialized files now loaded: 0)
System memory in use before: 90.9 MB.
System memory in use after: 90.9 MB.

Unloading 12 unused Assets to reduce memory usage. Loaded Objects now: 2399.
Total: 1.950300 ms (FindLiveObjects: 0.163000 ms CreateObjectMapping: 0.053200 ms MarkObjects: 1.639700 ms  DeleteObjects: 0.093400 ms)

AssetImportParameters requested are different than current active one (requested -> active):
  custom:graphics/normal-map-encoding: 01000000000000000000000000000000 -> 02000000000000000000000000000000
========================================================================
Received Prepare
Registering precompiled user dll's ...
Registered in 0.000782 seconds.
Begin MonoManager ReloadAssembly
Native extension for WindowsStandalone target not found
Native extension for OSXStandalone target not found
Refreshing native plugins compatible for Editor in 0.31 ms, found 1 plugins.
Preloading 0 native plugins for Editor in 0.00 ms.
Invoked RoslynAnalysisRunner static constructor.
RoslynAnalysisRunner will not be running.
RoslynAnalysisRunner has terminated.
Mono: successfully reloaded assembly
- Completed reload, in  0.772 seconds
Platform modules already initialized, skipping
Switching build target platform(5) subTarget(0) extendedPlatform(0) -> platform(13) subTarget(537395200) extendedPlatform(0)
Refreshing native plugins compatible for Editor in 0.42 ms, found 1 plugins.
Preloading 0 native plugins for Editor in 0.00 ms.
Unloading 1812 Unused Serialized files (Serialized files now loaded: 0)
System memory in use before: 90.9 MB.
System memory in use after: 90.9 MB.

Unloading 12 unused Assets to reduce memory usage. Loaded Objects now: 2403.
Total: 2.095100 ms (FindLiveObjects: 0.212400 ms CreateObjectMapping: 0.073500 ms MarkObjects: 1.695200 ms  DeleteObjects: 0.113000 ms)

AssetImportParameters requested are different than current active one (requested -> active):
  custom:graphics/normal-map-encoding: 01000000000000000000000000000000 -> 02000000000000000000000000000000
